\BOOKMARK [3][-]{subsubsection.0.0.1}{Description:}{}% 1
\BOOKMARK [2][-]{subsection.0.1}{Summary of Findings:}{}% 2
\BOOKMARK [3][-]{subsubsection.0.1.1}{Inbox basics:}{subsection.0.1}% 3
\BOOKMARK [3][-]{subsubsection.0.1.2}{Time Trends:}{subsection.0.1}% 4
\BOOKMARK [3][-]{subsubsection.0.1.3}{Category Trends:}{subsection.0.1}% 5
\BOOKMARK [3][-]{subsubsection.0.1.4}{Completed Ticket Trends:}{subsection.0.1}% 6
\BOOKMARK [1][-]{section.1}{Part 1 - Inbox Basics}{}% 7
\BOOKMARK [2][-]{subsubsection.1.0.1}{a: How many emails have we received?}{section.1}% 8
\BOOKMARK [3][-]{subsubsection.1.0.2}{b: On average, how many tickets do we solve?}{subsubsection.1.0.1}% 9
\BOOKMARK [3][-]{subsubsection.1.0.3}{c: How have these trends changed over time?}{subsubsection.1.0.1}% 10
\BOOKMARK [1][-]{section.2}{Part 2: Time Trends}{}% 11
\BOOKMARK [2][-]{subsubsection.2.0.1}{What are our times of highest volume?}{section.2}% 12
\BOOKMARK [1][-]{section.3}{Part 3: Category Trends}{}% 13
\BOOKMARK [2][-]{subsection.3.1}{a: What is the category breakdown on incoming tickets?}{section.3}% 14
\BOOKMARK [2][-]{subsection.3.2}{b: What does this breakdown look like by time period?}{section.3}% 15
\BOOKMARK [1][-]{section.4}{Part 4: Completed Ticket Trends}{}% 16
\BOOKMARK [2][-]{subsection.4.1}{a: What is the breakdown of tickets completed by category?}{section.4}% 17
\BOOKMARK [2][-]{subsection.4.2}{b: What is the breakdown of completed tickets by technician?}{section.4}% 18
\BOOKMARK [1][-]{section.5}{Discussion of Limitations and Future Considerations:}{}% 19
\BOOKMARK [2][-]{subsubsection.5.0.1}{Limitations:}{section.5}% 20
\BOOKMARK [3][-]{subsubsection.5.0.2}{Future Considerations:}{subsubsection.5.0.1}% 21
